[2019-06-26 14:36:38,129] ERROR [blog.views.page_not_found:297 views] {'status': '404', 'path': '彬彬冲呀66666666'}
[2019-06-26 15:02:53,486] ERROR [blog.views.page_not_found:297 views] {'status': '404', 'path': '彬彬冲呀66666666'}
[2019-06-26 15:09:18,624] ERROR [blog.views.page_not_found:297 views] {'status': '404', 'path': '彬彬冲呀66666666'}
[2019-06-26 15:11:39,731] ERROR [blog.views.page_not_found:297 views] {'status': '404', 'path': '彬彬冲呀66666666'}
[2019-06-26 15:15:52,296] ERROR [blog.views.page_not_found:297 views] {'status': '404', 'path': '彬彬冲呀66666666'}
[2019-06-26 15:19:11,627] ERROR [blog.views.page_not_found:297 views] {'status': '404', 'path': '彬彬冲呀66666666'}
[2019-06-26 15:21:36,616] ERROR [blog.views.page_not_found:297 views] {'status': '404', 'path': '彬彬冲呀66666666'}
[2019-06-26 15:22:02,558] ERROR [blog.views.page_not_found:297 views] {'status': '404', 'path': '彬彬冲呀66666666'}
[2019-06-26 15:32:02,024] ERROR [blog.views.page_not_found:297 views] {'status': '404', 'path': '彬彬冲呀66666666'}
[2019-06-26 15:47:25,781] ERROR [blog.views.page_not_found:297 views] {'status': '404', 'path': '彬彬冲呀66666666'}
[2019-06-26 15:52:20,272] ERROR [blog.views.page_not_found:297 views] {'status': '404', 'path': '彬彬冲呀66666666'}
[2019-06-26 15:57:10,149] ERROR [blog.views.page_not_found:297 views] {'status': '404', 'path': '彬彬冲呀66666666'}
[2019-06-26 15:58:52,871] ERROR [blog.views.page_not_found:297 views] {'status': '404', 'path': '彬彬冲呀66666666'}
[2019-06-26 15:59:38,855] ERROR [blog.views.page_not_found:297 views] {'status': '404', 'path': '彬彬冲呀66666666'}
[2019-06-26 16:01:30,389] ERROR [blog.views.page_not_found:297 views] {'status': '404', 'path': '彬彬冲呀66666666'}
[2019-06-26 16:02:13,540] ERROR [blog.views.page_not_found:297 views] {'status': '404', 'path': '彬彬冲呀66666666'}
[2019-06-26 16:12:39,628] ERROR [blog.views.page_not_found:297 views] {'status': '404', 'path': '彬彬冲呀66666666'}
[2019-06-26 16:13:11,439] ERROR [blog.views.page_not_found:297 views] {'status': '404', 'path': '彬彬冲呀66666666'}
[2019-06-26 16:13:57,928] ERROR [blog.views.page_not_found:297 views] {'status': '404', 'path': '彬彬冲呀66666666'}
[2019-06-26 16:14:53,794] ERROR [blog.views.page_not_found:297 views] {'status': '404', 'path': '彬彬冲呀66666666'}
[2019-06-28 09:29:24,112] ERROR [blog.views.page_not_found:297 views] {'status': '404', 'path': 'media/photo/asfs.png'}
[2019-06-28 09:29:24,284] ERROR [blog.views.page_not_found:297 views] {'status': '404', 'path': 'static/favicon.ico'}
[2019-06-28 09:29:25,815] ERROR [blog.views.page_not_found:297 views] {'status': '404', 'path': 'media/photo/asfs.png'}
[2019-06-28 09:29:26,486] ERROR [blog.views.page_not_found:297 views] {'status': '404', 'path': 'media/photo/asfs.png'}
[2019-06-28 09:29:26,963] ERROR [blog.views.page_not_found:297 views] {'status': '404', 'path': 'media/photo/asfs.png'}
[2019-06-28 09:29:27,371] ERROR [blog.views.page_not_found:297 views] {'status': '404', 'path': 'media/photo/asfs.png'}
[2019-06-28 09:29:27,928] ERROR [blog.views.page_not_found:297 views] {'status': '404', 'path': 'media/photo/asfs.png'}
[2019-06-28 09:29:28,417] ERROR [blog.views.page_not_found:297 views] {'status': '404', 'path': 'media/photo/asfs.png'}
[2019-06-28 09:29:31,036] ERROR [blog.views.page_not_found:297 views] {'status': '404', 'path': 'media/photo/asfs.png'}
[2019-06-28 09:29:33,154] ERROR [blog.views.page_not_found:297 views] {'status': '404', 'path': 'media/photo/asfs.png'}
[2019-06-28 09:30:12,623] ERROR [blog.views.page_not_found:297 views] {'status': '404', 'path': 'media/photo/asfs.png'}
[2019-06-28 09:30:13,895] ERROR [blog.views.page_not_found:297 views] {'status': '404', 'path': 'media/photo/asfs.png'}
[2019-06-28 09:30:14,580] ERROR [blog.views.page_not_found:297 views] {'status': '404', 'path': 'media/photo/asfs.png'}
[2019-06-28 09:30:18,263] ERROR [blog.views.page_not_found:297 views] {'status': '404', 'path': 'media/photo/asfs.png'}
[2019-06-28 09:30:19,257] ERROR [blog.views.page_not_found:297 views] {'status': '404', 'path': 'media/photo/asfs.png'}
[2019-06-28 09:32:26,552] ERROR [blog.views.page_not_found:297 views] {'status': '404', 'path': 'static/CACHE/css/4dae8f1035d4.css'}
[2019-06-28 09:32:26,555] ERROR [blog.views.page_not_found:297 views] {'status': '404', 'path': 'static/CACHE/js/b3ecec28477c.js'}
[2019-06-28 09:32:26,684] ERROR [blog.views.page_not_found:297 views] {'status': '404', 'path': 'media/photo/asfs.png'}
[2019-06-28 09:32:27,435] ERROR [blog.views.page_not_found:297 views] {'status': '404', 'path': 'static/favicon.ico'}
[2019-06-28 09:33:00,118] ERROR [blog.views.page_not_found:297 views] {'status': '404', 'path': 'media/photo/asfs.png'}
[2019-06-28 09:33:36,284] ERROR [blog.views.page_not_found:297 views] {'status': '404', 'path': 'media/photo/asfs.png'}
[2019-06-28 09:33:37,259] ERROR [blog.views.page_not_found:297 views] {'status': '404', 'path': 'media/photo/asfs.png'}
[2019-06-28 09:33:37,881] ERROR [blog.views.page_not_found:297 views] {'status': '404', 'path': 'media/photo/asfs.png'}
[2019-06-28 09:33:40,995] ERROR [blog.views.page_not_found:297 views] {'status': '404', 'path': 'media/photo/asfs.png'}
[2019-06-28 09:33:49,451] ERROR [blog.views.page_not_found:297 views] {'status': '404', 'path': 'media/photo/asfs.png'}
[2019-06-28 09:33:50,124] ERROR [blog.views.page_not_found:297 views] {'status': '404', 'path': 'media/photo/asfs.png'}
[2019-06-28 09:33:50,608] ERROR [blog.views.page_not_found:297 views] {'status': '404', 'path': 'media/photo/asfs.png'}
[2019-06-28 09:34:17,579] ERROR [blog.views.page_not_found:297 views] {'status': '404', 'path': 'media/photo/asfs.png'}
[2019-06-28 09:37:23,618] ERROR [blog.views.page_not_found:297 views] {'status': '404', 'path': 'media/photo/asfs.png'}
[2019-06-28 09:37:24,302] ERROR [blog.views.page_not_found:297 views] {'status': '404', 'path': 'media/photo/asfs.png'}
[2019-06-28 09:38:15,600] ERROR [blog.views.page_not_found:297 views] {'status': '404', 'path': 'media/photo/asfs.png'}
[2019-06-28 09:40:41,760] ERROR [blog.views.page_not_found:297 views] {'status': '404', 'path': 'media/photo/asfs.png'}
[2019-06-28 09:40:42,566] ERROR [blog.views.page_not_found:297 views] {'status': '404', 'path': 'media/photo/asfs.png'}
[2019-06-28 09:40:43,744] ERROR [blog.views.page_not_found:297 views] {'status': '404', 'path': 'media/photo/asfs.png'}
[2019-06-28 09:40:45,372] ERROR [blog.views.page_not_found:297 views] {'status': '404', 'path': 'media/photo/asfs.png'}
[2019-06-28 09:40:46,516] ERROR [blog.views.page_not_found:297 views] {'status': '404', 'path': 'media/photo/asfs.png'}
[2019-06-28 09:40:47,382] ERROR [blog.views.page_not_found:297 views] {'status': '404', 'path': 'media/photo/asfs.png'}
[2019-06-28 09:40:48,836] ERROR [blog.views.page_not_found:297 views] {'status': '404', 'path': 'media/photo/asfs.png'}
[2019-06-28 09:40:53,479] ERROR [blog.views.page_not_found:297 views] {'status': '404', 'path': 'media/photo/asfs.png'}
[2019-06-28 09:42:54,223] ERROR [blog.views.page_not_found:297 views] {'status': '404', 'path': 'media/photo/asfs.png'}
[2019-06-28 09:42:54,916] ERROR [blog.views.page_not_found:297 views] {'status': '404', 'path': 'media/photo/asfs.png'}
[2019-06-28 09:42:55,481] ERROR [blog.views.page_not_found:297 views] {'status': '404', 'path': 'media/photo/asfs.png'}
[2019-06-28 09:43:02,496] ERROR [blog.views.page_not_found:297 views] {'status': '404', 'path': 'media/photo/asfs.png'}
[2019-06-28 09:43:07,907] ERROR [blog.views.page_not_found:297 views] {'status': '404', 'path': 'media/photo/asfs.png'}
[2019-06-28 09:43:11,273] ERROR [blog.views.page_not_found:297 views] {'status': '404', 'path': 'media/photo/asfs.png'}
[2019-06-28 09:43:13,947] ERROR [blog.views.page_not_found:297 views] {'status': '404', 'path': 'media/photo/asfs.png'}
[2019-06-28 09:43:17,519] ERROR [blog.views.page_not_found:297 views] {'status': '404', 'path': 'media/photo/asfs.png'}
[2019-06-28 09:43:18,382] ERROR [blog.views.page_not_found:297 views] {'status': '404', 'path': 'media/photo/asfs.png'}
[2019-06-28 09:43:18,896] ERROR [blog.views.page_not_found:297 views] {'status': '404', 'path': 'media/photo/asfs.png'}
[2019-06-28 09:43:45,961] ERROR [blog.views.page_not_found:297 views] {'status': '404', 'path': 'media/photo/asfs.png'}
[2019-06-28 09:52:24,351] ERROR [blog.views.page_not_found:297 views] {'status': '404', 'path': 'media/photo/asfs.png'}
[2019-06-28 09:52:26,595] ERROR [blog.views.page_not_found:297 views] {'status': '404', 'path': 'media/photo/asfs.png'}
[2019-06-28 09:59:13,115] ERROR [blog.views.page_not_found:297 views] {'status': '404', 'path': 'media/photo/asfs.png'}
[2019-06-28 09:59:16,016] ERROR [blog.views.page_not_found:297 views] {'status': '404', 'path': 'media/photo/asfs.png'}
[2019-06-28 09:59:22,217] ERROR [blog.views.page_not_found:297 views] {'status': '404', 'path': 'media/photo/asfs.png'}
[2019-06-28 09:59:22,974] ERROR [blog.views.page_not_found:297 views] {'status': '404', 'path': 'media/photo/asfs.png'}
[2019-06-28 09:59:36,836] ERROR [blog.views.page_not_found:297 views] {'status': '404', 'path': 'media/photo/asfs.png'}
[2019-06-28 09:59:38,081] ERROR [blog.views.page_not_found:297 views] {'status': '404', 'path': 'media/photo/asfs.png'}
[2019-06-28 09:59:38,718] ERROR [blog.views.page_not_found:297 views] {'status': '404', 'path': 'media/photo/asfs.png'}
[2019-06-28 10:01:21,196] ERROR [blog.views.page_not_found:297 views] {'status': '404', 'path': 'media/photo/asfs.png'}
[2019-06-28 10:02:58,144] ERROR [blog.views.page_not_found:297 views] {'status': '404', 'path': 'media/photo/asfs.png'}
[2019-06-28 10:03:19,391] ERROR [blog.views.page_not_found:297 views] {'status': '404', 'path': 'media/photo/asfs.png'}
[2019-06-28 10:03:20,078] ERROR [blog.views.page_not_found:297 views] {'status': '404', 'path': 'media/photo/asfs.png'}
[2019-06-28 10:03:20,896] ERROR [blog.views.page_not_found:297 views] {'status': '404', 'path': 'media/photo/asfs.png'}
[2019-06-28 10:28:04,832] ERROR [blog.views.page_not_found:297 views] {'status': '404', 'path': 'static/CACHE/css/4dae8f1035d4.css'}
[2019-06-28 10:28:04,833] ERROR [blog.views.page_not_found:297 views] {'status': '404', 'path': 'static/CACHE/js/b3ecec28477c.js'}
[2019-06-28 10:28:06,132] ERROR [blog.views.page_not_found:297 views] {'status': '404', 'path': 'static/CACHE/css/4dae8f1035d4.css'}
[2019-06-28 10:28:06,134] ERROR [blog.views.page_not_found:297 views] {'status': '404', 'path': 'static/CACHE/js/b3ecec28477c.js'}
[2019-06-28 10:28:06,427] ERROR [blog.views.page_not_found:297 views] {'status': '404', 'path': 'static/favicon.ico'}
[2019-06-28 10:28:10,720] ERROR [blog.views.page_not_found:297 views] {'status': '404', 'path': 'static/CACHE/css/4dae8f1035d4.css'}
[2019-06-28 10:28:10,721] ERROR [blog.views.page_not_found:297 views] {'status': '404', 'path': 'static/CACHE/js/b3ecec28477c.js'}
[2019-06-28 10:28:11,038] ERROR [blog.views.page_not_found:297 views] {'status': '404', 'path': 'static/favicon.ico'}
[2019-06-28 10:28:29,376] ERROR [blog.views.page_not_found:297 views] {'status': '404', 'path': 'static/CACHE/css/4dae8f1035d4.css'}
[2019-06-28 10:28:29,377] ERROR [blog.views.page_not_found:297 views] {'status': '404', 'path': 'static/CACHE/js/b3ecec28477c.js'}
[2019-06-28 10:31:09,215] ERROR [blog.views.page_not_found:297 views] {'status': '404', 'path': 'static/CACHE/js/b3ecec28477c.js'}
[2019-06-28 10:31:09,217] ERROR [blog.views.page_not_found:297 views] {'status': '404', 'path': 'static/CACHE/css/4dae8f1035d4.css'}
[2019-06-28 10:31:12,459] ERROR [blog.views.page_not_found:297 views] {'status': '404', 'path': 'static/CACHE/js/b3ecec28477c.js'}
[2019-06-28 10:31:12,460] ERROR [blog.views.page_not_found:297 views] {'status': '404', 'path': 'static/CACHE/css/4dae8f1035d4.css'}
[2019-06-28 10:31:12,751] ERROR [blog.views.page_not_found:297 views] {'status': '404', 'path': 'static/favicon.ico'}
[2019-06-28 10:31:51,646] ERROR [blog.views.page_not_found:297 views] {'status': '404', 'path': 'static/CACHE/css/4dae8f1035d4.css'}
[2019-06-28 10:31:51,647] ERROR [blog.views.page_not_found:297 views] {'status': '404', 'path': 'static/CACHE/js/b3ecec28477c.js'}
[2019-06-28 10:32:15,148] ERROR [blog.views.page_not_found:297 views] {'status': '404', 'path': 'static/CACHE/css/4dae8f1035d4.css'}
[2019-06-28 10:32:15,225] ERROR [blog.views.page_not_found:297 views] {'status': '404', 'path': 'static/CACHE/js/b3ecec28477c.js'}
[2019-06-28 10:32:16,172] ERROR [blog.views.page_not_found:297 views] {'status': '404', 'path': 'static/CACHE/css/4dae8f1035d4.css'}
[2019-06-28 10:32:16,185] ERROR [blog.views.page_not_found:297 views] {'status': '404', 'path': 'static/CACHE/js/b3ecec28477c.js'}
[2019-06-28 10:32:16,467] ERROR [blog.views.page_not_found:297 views] {'status': '404', 'path': 'static/favicon.ico'}
[2019-06-28 10:37:01,203] ERROR [blog.views.page_not_found:297 views] {'status': '404', 'path': 'static/CACHE/css/4dae8f1035d4.css'}
[2019-06-28 10:37:01,203] ERROR [blog.views.page_not_found:297 views] {'status': '404', 'path': 'media/photo/asfs.png'}
[2019-06-28 10:37:01,206] ERROR [blog.views.page_not_found:297 views] {'status': '404', 'path': 'static/CACHE/js/b3ecec28477c.js'}
[2019-06-28 10:37:01,499] ERROR [blog.views.page_not_found:297 views] {'status': '404', 'path': 'static/favicon.ico'}
[2019-06-28 10:38:09,067] ERROR [blog.views.page_not_found:297 views] {'status': '404', 'path': 'static/CACHE/css/4dae8f1035d4.css'}
[2019-06-28 10:38:09,071] ERROR [blog.views.page_not_found:297 views] {'status': '404', 'path': 'static/CACHE/js/b3ecec28477c.js'}
[2019-06-28 10:38:09,271] ERROR [blog.views.page_not_found:297 views] {'status': '404', 'path': 'static/favicon.ico'}
[2019-06-28 10:38:10,201] ERROR [blog.views.page_not_found:297 views] {'status': '404', 'path': 'static/CACHE/css/4dae8f1035d4.css'}
[2019-06-28 10:38:10,203] ERROR [blog.views.page_not_found:297 views] {'status': '404', 'path': 'static/CACHE/js/b3ecec28477c.js'}
[2019-06-28 10:38:19,892] ERROR [blog.views.page_not_found:297 views] {'status': '404', 'path': 'static/CACHE/css/4dae8f1035d4.css'}
[2019-06-28 10:38:19,930] ERROR [blog.views.page_not_found:297 views] {'status': '404', 'path': 'static/CACHE/js/b3ecec28477c.js'}
[2019-06-28 10:38:21,088] ERROR [blog.views.page_not_found:297 views] {'status': '404', 'path': 'static/CACHE/css/4dae8f1035d4.css'}
[2019-06-28 10:38:21,092] ERROR [blog.views.page_not_found:297 views] {'status': '404', 'path': 'static/CACHE/js/b3ecec28477c.js'}
[2019-06-28 10:38:24,767] ERROR [blog.views.page_not_found:297 views] {'status': '404', 'path': 'static/CACHE/css/4dae8f1035d4.css'}
[2019-06-28 10:38:24,769] ERROR [blog.views.page_not_found:297 views] {'status': '404', 'path': 'static/CACHE/js/b3ecec28477c.js'}
[2019-06-28 10:38:25,081] ERROR [blog.views.page_not_found:297 views] {'status': '404', 'path': 'static/favicon.ico'}
[2019-06-28 10:40:13,416] ERROR [blog.views.page_not_found:297 views] {'status': '404', 'path': 'static/CACHE/css/4dae8f1035d4.css'}
[2019-06-28 10:40:13,423] ERROR [blog.views.page_not_found:297 views] {'status': '404', 'path': 'static/CACHE/js/b3ecec28477c.js'}
[2019-06-28 10:40:14,353] ERROR [blog.views.page_not_found:297 views] {'status': '404', 'path': 'static/favicon.ico'}
[2019-06-28 10:42:09,387] ERROR [blog.views.page_not_found:297 views] {'status': '404', 'path': 'media/photo/asfs.png'}
[2019-06-28 10:44:18,975] ERROR [blog.views.page_not_found:297 views] {'status': '404', 'path': 'media/photo/asfs.png'}
[2019-06-28 11:00:55,416] ERROR [blog.views.page_not_found:297 views] {'status': '404', 'path': 'static/favicon.ico'}
[2019-06-28 11:00:56,432] ERROR [blog.views.page_not_found:297 views] {'status': '404', 'path': 'static/CACHE/css/4dae8f1035d4.css'}
[2019-06-28 11:00:56,438] ERROR [blog.views.page_not_found:297 views] {'status': '404', 'path': 'static/CACHE/js/b3ecec28477c.js'}
[2019-06-28 11:00:56,657] ERROR [blog.views.page_not_found:297 views] {'status': '404', 'path': 'static/favicon.ico'}
[2019-06-28 11:00:57,419] ERROR [blog.views.page_not_found:297 views] {'status': '404', 'path': 'static/CACHE/css/4dae8f1035d4.css'}
[2019-06-28 11:00:57,423] ERROR [blog.views.page_not_found:297 views] {'status': '404', 'path': 'static/CACHE/js/b3ecec28477c.js'}
[2019-06-28 11:00:57,643] ERROR [blog.views.page_not_found:297 views] {'status': '404', 'path': 'static/favicon.ico'}
[2019-06-28 11:01:28,252] ERROR [blog.views.page_not_found:297 views] {'status': '404', 'path': 'static/CACHE/css/4dae8f1035d4.css'}
[2019-06-28 11:01:28,253] ERROR [blog.views.page_not_found:297 views] {'status': '404', 'path': 'static/CACHE/js/b3ecec28477c.js'}
[2019-06-28 11:01:41,779] ERROR [blog.views.page_not_found:297 views] {'status': '404', 'path': 'static/CACHE/js/b3ecec28477c.js'}
[2019-06-28 11:01:41,779] ERROR [blog.views.page_not_found:297 views] {'status': '404', 'path': 'static/CACHE/css/4dae8f1035d4.css'}
[2019-06-28 11:01:44,269] ERROR [blog.views.page_not_found:297 views] {'status': '404', 'path': 'static/CACHE/css/4dae8f1035d4.css'}
[2019-06-28 11:01:44,273] ERROR [blog.views.page_not_found:297 views] {'status': '404', 'path': 'static/CACHE/js/b3ecec28477c.js'}
[2019-06-28 11:01:44,500] ERROR [blog.views.page_not_found:297 views] {'status': '404', 'path': 'static/favicon.ico'}
[2019-06-28 11:10:34,419] ERROR [blog.views.page_not_found:297 views] {'status': '404', 'path': 'static/favicon.ico'}
[2019-06-28 11:10:53,684] ERROR [blog.views.page_not_found:297 views] {'status': '404', 'path': 'static/CACHE/css/4dae8f1035d4.css'}
[2019-06-28 11:10:53,687] ERROR [blog.views.page_not_found:297 views] {'status': '404', 'path': 'static/CACHE/js/b3ecec28477c.js'}
[2019-06-28 11:10:53,912] ERROR [blog.views.page_not_found:297 views] {'status': '404', 'path': 'static/favicon.ico'}
