[2020-06-06 09:33:55,442] INFO [django.server.log_message:154 basehttp] "GET /admin/blog/setting/1/change/ HTTP/1.1" 200 11529
[2020-06-06 09:33:55,487] INFO [django.server.log_message:154 basehttp] "GET /admin/jsi18n/ HTTP/1.1" 200 7684
[2020-06-06 09:34:10,275] INFO [django.server.log_message:154 basehttp] "POST /admin/blog/setting/1/change/ HTTP/1.1" 302 0
[2020-06-06 09:34:10,346] INFO [django.server.log_message:154 basehttp] "GET /admin/blog/setting/ HTTP/1.1" 200 6554
[2020-06-06 09:34:10,398] INFO [django.server.log_message:154 basehttp] "GET /admin/jsi18n/ HTTP/1.1" 200 7684
[2020-06-06 09:36:28,541] INFO [django.server.log_message:154 basehttp] "GET /admin/blog/setting/1/change/ HTTP/1.1" 200 11533
[2020-06-06 09:36:28,585] INFO [django.server.log_message:154 basehttp] "GET /admin/jsi18n/ HTTP/1.1" 200 7684
[2020-06-06 09:38:31,750] INFO [django.server.log_message:154 basehttp] "POST /admin/blog/setting/1/change/ HTTP/1.1" 302 0
[2020-06-06 09:38:31,815] INFO [django.server.log_message:154 basehttp] "GET /admin/blog/setting/ HTTP/1.1" 200 6554
[2020-06-06 09:38:31,862] INFO [django.server.log_message:154 basehttp] "GET /admin/jsi18n/ HTTP/1.1" 200 7684
[2020-06-06 09:38:39,090] INFO [django.server.log_message:154 basehttp] "GET /admin/ HTTP/1.1" 200 13453
[2020-06-06 09:43:24,735] INFO [django.server.log_message:154 basehttp] "GET / HTTP/1.1" 200 29923
[2020-06-06 09:43:30,613] INFO [django.server.log_message:154 basehttp] "GET /admin/ HTTP/1.1" 200 13453
[2020-06-06 09:44:02,443] INFO [django.server.log_message:154 basehttp] "GET /archives.html HTTP/1.1" 200 40306
[2020-06-06 09:44:08,944] INFO [django.server.log_message:154 basehttp] "GET /article/73/redis%E7%9A%84%E6%8C%81%E4%B9%85%E5%8C%96.html HTTP/1.1" 200 32070
[2020-06-06 09:45:08,460] INFO [django.server.log_message:154 basehttp] "GET /admin/ HTTP/1.1" 200 13453
[2020-06-06 09:45:10,403] INFO [django.server.log_message:154 basehttp] "GET /admin/blog/article/ HTTP/1.1" 200 44312
[2020-06-06 09:45:10,452] INFO [django.server.log_message:154 basehttp] "GET /admin/jsi18n/ HTTP/1.1" 200 7684
[2020-06-06 09:45:10,456] INFO [django.server.log_message:154 basehttp] "GET /static/admin/img/search.svg HTTP/1.1" 304 0
[2020-06-06 09:45:10,485] INFO [django.server.log_message:154 basehttp] "GET /static/admin/img/tooltag-add.svg HTTP/1.1" 304 0
[2020-06-06 09:45:10,488] INFO [django.server.log_message:154 basehttp] "GET /static/admin/img/sorting-icons.svg HTTP/1.1" 304 0
[2020-06-06 09:45:11,938] INFO [django.server.log_message:154 basehttp] "GET /admin/ HTTP/1.1" 200 13453
[2020-06-06 09:45:15,143] INFO [django.server.log_message:154 basehttp] "GET /admin/blog/setting/ HTTP/1.1" 200 6380
[2020-06-06 09:45:15,192] INFO [django.server.log_message:154 basehttp] "GET /admin/jsi18n/ HTTP/1.1" 200 7684
[2020-06-06 09:45:16,566] INFO [django.server.log_message:154 basehttp] "GET /admin/blog/setting/1/change/ HTTP/1.1" 200 11564
[2020-06-06 09:45:16,609] INFO [django.server.log_message:154 basehttp] "GET /admin/jsi18n/ HTTP/1.1" 200 7684
[2020-06-06 09:46:07,066] INFO [django.server.log_message:154 basehttp] "POST /admin/blog/setting/1/change/ HTTP/1.1" 302 0
[2020-06-06 09:46:07,130] INFO [django.server.log_message:154 basehttp] "GET /admin/blog/setting/ HTTP/1.1" 200 6554
[2020-06-06 09:46:07,174] INFO [django.server.log_message:154 basehttp] "GET /admin/jsi18n/ HTTP/1.1" 200 7684
[2020-06-06 09:49:19,823] INFO [django.server.log_message:154 basehttp] "GET /admin/ HTTP/1.1" 200 13446
[2020-06-06 09:49:21,005] INFO [django.server.log_message:154 basehttp] "GET /admin/blog/article/ HTTP/1.1" 200 44312
[2020-06-06 09:49:21,068] INFO [django.server.log_message:154 basehttp] "GET /admin/jsi18n/ HTTP/1.1" 200 7684
[2020-06-06 09:49:23,141] INFO [django.server.log_message:154 basehttp] "GET /admin/blog/article/add/ HTTP/1.1" 200 14853
[2020-06-06 09:49:23,195] INFO [django.server.log_message:154 basehttp] "GET /static/admin/js/calendar.js HTTP/1.1" 200 7777
[2020-06-06 09:49:23,201] INFO [django.server.log_message:154 basehttp] "GET /static/admin/js/admin/DateTimeShortcuts.js HTTP/1.1" 200 20269
[2020-06-06 09:49:23,206] INFO [django.server.log_message:154 basehttp] "GET /static/mdeditor/css/editormd.css HTTP/1.1" 200 78173
[2020-06-06 09:49:23,207] INFO [django.server.log_message:154 basehttp] "GET /static/admin/js/SelectBox.js HTTP/1.1" 200 5753
[2020-06-06 09:49:23,207] INFO [django.server.log_message:154 basehttp] "GET /static/mdeditor/js/editormd.min.js HTTP/1.1" 200 54058
[2020-06-06 09:49:23,208] INFO [django.server.log_message:154 basehttp] "GET /admin/jsi18n/ HTTP/1.1" 200 7684
[2020-06-06 09:49:23,208] INFO [django.server.log_message:154 basehttp] "GET /static/admin/js/SelectFilter2.js HTTP/1.1" 200 12712
[2020-06-06 09:49:23,209] INFO [django.server.log_message:154 basehttp] "GET /static/mdeditor/js/jquery.min.js HTTP/1.1" 200 95870
[2020-06-06 09:49:23,300] INFO [django.server.log_message:154 basehttp] "GET /static/mdeditor/js/lib/codemirror/codemirror.min.css HTTP/1.1" 200 5312
[2020-06-06 09:49:23,305] INFO [django.server.log_message:154 basehttp] "GET /static/mdeditor/js/lib/codemirror/codemirror.min.js HTTP/1.1" 200 221231
[2020-06-06 09:49:23,306] INFO [django.server.log_message:154 basehttp] "GET /static/mdeditor/images/loading@2x.gif HTTP/1.1" 200 16166
[2020-06-06 09:49:23,343] INFO [django.server.log_message:154 basehttp] "GET /static/mdeditor/js/lib/codemirror/modes.min.js HTTP/1.1" 200 205435
[2020-06-06 09:49:23,359] INFO [django.server.log_message:154 basehttp] "GET /static/mdeditor/js/lib/codemirror/addons.min.js HTTP/1.1" 200 39221
[2020-06-06 09:49:23,429] INFO [django.server.log_message:154 basehttp] "GET /static/mdeditor/js/lib/marked.min.js HTTP/1.1" 200 19256
[2020-06-06 09:49:23,451] INFO [django.server.log_message:154 basehttp] "GET /static/mdeditor/fonts/fontawesome-webfont.woff2?v=4.3.0 HTTP/1.1" 200 56780
[2020-06-06 09:49:23,454] INFO [django.server.log_message:154 basehttp] "GET /static/mdeditor/js/lib/prettify.min.js HTTP/1.1" 200 17973
[2020-06-06 09:49:23,490] INFO [django.server.log_message:154 basehttp] "GET /static/mdeditor/js/lib/raphael.min.js HTTP/1.1" 200 92705
[2020-06-06 09:49:23,499] INFO [django.server.log_message:154 basehttp] "GET /static/mdeditor/js/lib/underscore.min.js HTTP/1.1" 200 16487
[2020-06-06 09:49:23,527] INFO [django.server.log_message:154 basehttp] "GET /static/mdeditor/js/lib/flowchart.min.js HTTP/1.1" 200 19807
[2020-06-06 09:49:23,543] INFO [django.server.log_message:154 basehttp] "GET /static/mdeditor/js/lib/sequence-diagram.min.js HTTP/1.1" 200 87695
[2020-06-06 09:50:35,470] INFO [django.server.log_message:154 basehttp] "POST /admin/blog/article/add/ HTTP/1.1" 302 0
[2020-06-06 09:50:35,729] INFO [django.server.log_message:154 basehttp] "GET /admin/blog/article/ HTTP/1.1" 200 44981
[2020-06-06 09:50:35,785] INFO [django.server.log_message:154 basehttp] "GET /admin/jsi18n/ HTTP/1.1" 200 7684
[2020-06-06 09:50:38,184] INFO [django.server.log_message:154 basehttp] "GET / HTTP/1.1" 200 29903
[2020-06-06 09:50:40,000] INFO [django.server.log_message:154 basehttp] "GET /archives.html HTTP/1.1" 200 40736
[2020-06-06 09:50:42,266] INFO [django.server.log_message:154 basehttp] "GET /article/76/Redis%E4%B8%BB%E4%BB%8E%E5%A4%8D%E5%88%B6.html HTTP/1.1" 200 21682
[2020-06-06 09:50:43,903] WARNING [django.server.log_message:154 basehttp] "GET /article/76/Redis%E4%B8%BB%E4%BB%8E%E5%A4%8D%E5%88%B6 HTTP/1.1" 404 6461
[2020-06-06 09:50:55,315] INFO [django.server.log_message:154 basehttp] "GET /admin/ HTTP/1.1" 200 13446
[2020-06-06 09:50:57,255] INFO [django.server.log_message:154 basehttp] "GET /admin/blog/category/ HTTP/1.1" 200 8520
[2020-06-06 09:50:57,308] INFO [django.server.log_message:154 basehttp] "GET /admin/jsi18n/ HTTP/1.1" 200 7684
[2020-06-06 09:50:58,122] INFO [django.server.log_message:154 basehttp] "GET /admin/ HTTP/1.1" 200 13446
[2020-06-06 09:51:00,710] INFO [django.server.log_message:154 basehttp] "GET /admin/blog/article/ HTTP/1.1" 200 44802
[2020-06-06 09:51:00,756] INFO [django.server.log_message:154 basehttp] "GET /admin/jsi18n/ HTTP/1.1" 200 7684
[2020-06-06 09:51:01,821] INFO [django.server.log_message:154 basehttp] "GET /admin/blog/article/76/change/ HTTP/1.1" 200 15315
[2020-06-06 09:51:01,869] INFO [django.server.log_message:154 basehttp] "GET /admin/jsi18n/ HTTP/1.1" 200 7684
[2020-06-06 09:51:01,918] INFO [django.server.log_message:154 basehttp] "GET /static/admin/img/tooltag-arrowright.svg HTTP/1.1" 304 0
[2020-06-06 09:51:10,924] INFO [django.server.log_message:154 basehttp] "GET /static/admin/img/icon-calendar.svg HTTP/1.1" 304 0
[2020-06-06 09:51:10,925] INFO [django.server.log_message:154 basehttp] "GET /static/admin/img/icon-clock.svg HTTP/1.1" 304 0
[2020-06-06 09:51:10,929] INFO [django.server.log_message:154 basehttp] "GET /static/admin/img/selector-icons.svg HTTP/1.1" 200 3291
[2020-06-06 09:51:10,929] INFO [django.server.log_message:154 basehttp] "GET /static/admin/img/icon-unknown.svg HTTP/1.1" 304 0
[2020-06-06 09:51:10,933] INFO [django.server.log_message:154 basehttp] "GET /static/admin/img/icon-unknown-alt.svg HTTP/1.1" 304 0
[2020-06-06 09:51:52,082] INFO [django.server.log_message:154 basehttp] "POST /admin/blog/article/76/change/ HTTP/1.1" 302 0
[2020-06-06 09:51:52,359] INFO [django.server.log_message:154 basehttp] "GET /admin/blog/article/ HTTP/1.1" 200 44981
[2020-06-06 09:51:52,398] INFO [django.server.log_message:154 basehttp] "GET /admin/jsi18n/ HTTP/1.1" 200 7684
[2020-06-06 09:52:02,942] INFO [django.server.log_message:154 basehttp] "GET / HTTP/1.1" 200 29903
[2020-06-06 09:52:04,764] INFO [django.server.log_message:154 basehttp] "GET /archives.html HTTP/1.1" 200 40736
[2020-06-06 09:52:05,842] INFO [django.server.log_message:154 basehttp] "GET /article/76/Redis%E4%B8%BB%E4%BB%8E%E5%A4%8D%E5%88%B6.html HTTP/1.1" 200 21697
[2020-06-06 09:53:28,821] INFO [django.server.log_message:154 basehttp] "GET / HTTP/1.1" 200 29903
[2020-06-06 09:53:34,825] INFO [django.server.log_message:154 basehttp] "GET /admin/ HTTP/1.1" 200 13449
[2020-06-06 09:53:41,890] INFO [django.server.log_message:154 basehttp] "GET /admin/ HTTP/1.1" 200 13449
[2020-06-06 09:53:44,262] INFO [django.server.log_message:154 basehttp] "GET /admin/blog/article/ HTTP/1.1" 200 44802
[2020-06-06 09:53:44,317] INFO [django.server.log_message:154 basehttp] "GET /admin/jsi18n/ HTTP/1.1" 200 7684
[2020-06-06 09:53:53,069] INFO [django.server.log_message:154 basehttp] "GET /admin/blog/article/add/ HTTP/1.1" 200 14853
[2020-06-06 09:53:53,119] INFO [django.server.log_message:154 basehttp] "GET /admin/jsi18n/ HTTP/1.1" 200 7684
[2020-06-06 09:54:59,659] INFO [django.server.log_message:154 basehttp] "POST /admin/blog/article/add/ HTTP/1.1" 302 0
[2020-06-06 09:54:59,955] INFO [django.server.log_message:154 basehttp] "GET /admin/blog/article/ HTTP/1.1" 200 45471
[2020-06-06 09:55:00,009] INFO [django.server.log_message:154 basehttp] "GET /admin/jsi18n/ HTTP/1.1" 200 7684
[2020-06-06 09:55:02,338] INFO [django.server.log_message:154 basehttp] "GET /admin/blog/article/76/change/ HTTP/1.1" 200 15330
[2020-06-06 09:55:02,407] INFO [django.server.log_message:154 basehttp] "GET /admin/jsi18n/ HTTP/1.1" 200 7684
[2020-06-06 09:55:09,483] INFO [django.server.log_message:154 basehttp] "POST /admin/blog/article/76/change/ HTTP/1.1" 302 0
[2020-06-06 09:55:09,770] INFO [django.server.log_message:154 basehttp] "GET /admin/blog/article/ HTTP/1.1" 200 45471
[2020-06-06 09:55:09,811] INFO [django.server.log_message:154 basehttp] "GET /admin/jsi18n/ HTTP/1.1" 200 7684
[2020-06-06 09:55:16,223] INFO [django.server.log_message:154 basehttp] "GET / HTTP/1.1" 200 29894
[2020-06-06 09:55:20,787] INFO [django.server.log_message:154 basehttp] "GET /archives.html HTTP/1.1" 200 40920
[2020-06-06 09:55:23,027] INFO [django.server.log_message:154 basehttp] "GET /article/77/Redis%E5%93%A8%E5%85%B5%E6%A8%A1%E5%BC%8F.html HTTP/1.1" 200 21707
[2020-06-06 09:57:31,096] INFO [django.server.log_message:154 basehttp] "GET / HTTP/1.1" 200 29894
[2020-06-06 09:57:34,073] INFO [django.server.log_message:154 basehttp] "GET /refresh/ HTTP/1.1" 302 0
[2020-06-06 09:57:34,190] INFO [django.server.log_message:154 basehttp] "GET / HTTP/1.1" 200 29029
[2020-06-06 09:57:41,566] INFO [django.server.log_message:154 basehttp] "GET /admin/ HTTP/1.1" 200 13453
[2020-06-06 09:57:43,534] INFO [django.server.log_message:154 basehttp] "GET /admin/blog/article/ HTTP/1.1" 200 45292
[2020-06-06 09:57:43,583] INFO [django.server.log_message:154 basehttp] "GET /admin/jsi18n/ HTTP/1.1" 200 7684
[2020-06-06 09:57:46,383] INFO [django.server.log_message:154 basehttp] "GET /admin/blog/article/add/ HTTP/1.1" 200 14853
[2020-06-06 09:57:46,434] INFO [django.server.log_message:154 basehttp] "GET /admin/jsi18n/ HTTP/1.1" 200 7684
[2020-06-06 09:58:48,843] INFO [django.server.log_message:154 basehttp] "POST /admin/blog/article/add/ HTTP/1.1" 302 0
[2020-06-06 09:58:49,134] INFO [django.server.log_message:154 basehttp] "GET /admin/blog/article/ HTTP/1.1" 200 45961
[2020-06-06 09:58:49,179] INFO [django.server.log_message:154 basehttp] "GET /admin/jsi18n/ HTTP/1.1" 200 7684
[2020-06-06 09:59:40,603] INFO [django.server.log_message:154 basehttp] "GET /admin/blog/article/add/ HTTP/1.1" 200 14853
[2020-06-06 09:59:40,690] INFO [django.server.log_message:154 basehttp] "GET /admin/jsi18n/ HTTP/1.1" 200 7684
[2020-06-06 10:01:40,868] INFO [django.server.log_message:154 basehttp] "POST /admin/blog/article/add/ HTTP/1.1" 302 0
[2020-06-06 10:01:41,156] INFO [django.server.log_message:154 basehttp] "GET /admin/blog/article/ HTTP/1.1" 200 46451
[2020-06-06 10:01:41,206] INFO [django.server.log_message:154 basehttp] "GET /admin/jsi18n/ HTTP/1.1" 200 7684
[2020-06-06 10:01:43,371] INFO [django.server.log_message:154 basehttp] "GET / HTTP/1.1" 200 28694
[2020-06-06 10:01:45,809] INFO [django.server.log_message:154 basehttp] "GET /refresh/ HTTP/1.1" 302 0
[2020-06-06 10:01:45,920] INFO [django.server.log_message:154 basehttp] "GET / HTTP/1.1" 200 27864
[2020-06-06 10:01:47,141] INFO [django.server.log_message:154 basehttp] "GET /article/79/Redis%E5%B8%B8%E8%A7%81%E9%97%AE%E9%A2%98.html HTTP/1.1" 200 21698
[2020-06-06 10:03:18,939] INFO [django.server.log_message:154 basehttp] "GET / HTTP/1.1" 200 27538
[2020-06-06 10:03:23,803] INFO [django.server.log_message:154 basehttp] "GET /admin/ HTTP/1.1" 200 13450
[2020-06-06 10:03:25,395] INFO [django.server.log_message:154 basehttp] "GET /admin/blog/article/ HTTP/1.1" 200 46272
[2020-06-06 10:03:25,450] INFO [django.server.log_message:154 basehttp] "GET /admin/jsi18n/ HTTP/1.1" 200 7684
[2020-06-06 10:03:28,534] INFO [django.server.log_message:154 basehttp] "GET /admin/blog/article/add/ HTTP/1.1" 200 14853
[2020-06-06 10:03:28,589] INFO [django.server.log_message:154 basehttp] "GET /admin/jsi18n/ HTTP/1.1" 200 7684
[2020-06-06 10:04:05,062] INFO [django.server.log_message:154 basehttp] "POST /admin/blog/article/add/ HTTP/1.1" 302 0
[2020-06-06 10:04:05,355] INFO [django.server.log_message:154 basehttp] "GET /admin/blog/article/ HTTP/1.1" 200 46941
[2020-06-06 10:04:05,392] INFO [django.server.log_message:154 basehttp] "GET /admin/jsi18n/ HTTP/1.1" 200 7684
[2020-06-06 10:04:09,493] INFO [django.server.log_message:154 basehttp] "GET / HTTP/1.1" 200 27545
[2020-06-06 10:04:13,327] INFO [django.server.log_message:154 basehttp] "GET /refresh/ HTTP/1.1" 302 0
[2020-06-06 10:04:13,432] INFO [django.server.log_message:154 basehttp] "GET / HTTP/1.1" 200 27264
[2020-06-06 10:04:17,274] INFO [django.server.log_message:154 basehttp] "GET / HTTP/1.1" 200 26492
[2020-06-06 10:04:17,318] INFO [django.server.log_message:154 basehttp] "GET /static/CACHE/css/output.80b6bab866bd.css HTTP/1.1" 200 221321
[2020-06-06 10:04:17,318] INFO [django.server.log_message:154 basehttp] "GET /static/CACHE/js/output.98f0b266847a.js HTTP/1.1" 200 205261
[2020-06-06 10:04:17,954] INFO [django.server.log_message:154 basehttp] "GET /static/favicon.ico HTTP/1.1" 200 148692
[2020-06-06 10:04:21,901] INFO [django.server.log_message:154 basehttp] "GET /article/80/MySQL%E4%B8%BB%E4%BB%8E%E5%A4%8D%E5%88%B6.html HTTP/1.1" 200 20670
[2020-06-06 10:04:28,374] INFO [django.server.log_message:154 basehttp] "GET / HTTP/1.1" 200 26938
[2020-06-06 10:04:31,899] INFO [django.server.log_message:154 basehttp] "GET /admin/ HTTP/1.1" 200 13452
[2020-06-06 10:04:33,611] INFO [django.server.log_message:154 basehttp] "GET /admin/blog/setting/ HTTP/1.1" 200 6380
[2020-06-06 10:04:33,657] INFO [django.server.log_message:154 basehttp] "GET /admin/jsi18n/ HTTP/1.1" 200 7684
[2020-06-06 10:04:50,975] INFO [django.server.log_message:154 basehttp] "POST /admin/blog/setting/ HTTP/1.1" 302 0
[2020-06-06 10:04:51,044] INFO [django.server.log_message:154 basehttp] "GET /admin/blog/setting/ HTTP/1.1" 200 6498
[2020-06-06 10:04:51,084] INFO [django.server.log_message:154 basehttp] "GET /admin/jsi18n/ HTTP/1.1" 200 7684
[2020-06-06 10:06:23,190] INFO [django.server.log_message:154 basehttp] "GET / HTTP/1.1" 200 26938
[2020-06-06 10:06:25,612] INFO [django.server.log_message:154 basehttp] "GET /admin/ HTTP/1.1" 200 13452
[2020-06-06 10:06:27,838] INFO [django.server.log_message:154 basehttp] "GET /admin/blog/article/ HTTP/1.1" 200 46762
[2020-06-06 10:06:27,891] INFO [django.server.log_message:154 basehttp] "GET /admin/jsi18n/ HTTP/1.1" 200 7684
[2020-06-06 10:06:33,088] INFO [django.server.log_message:154 basehttp] "POST /admin/blog/article/ HTTP/1.1" 302 0
[2020-06-06 10:06:33,428] INFO [django.server.log_message:154 basehttp] "GET /admin/blog/article/ HTTP/1.1" 200 49780
[2020-06-06 10:06:33,467] INFO [django.server.log_message:154 basehttp] "GET /admin/jsi18n/ HTTP/1.1" 200 7684
[2020-06-06 10:06:35,911] INFO [django.server.log_message:154 basehttp] "GET /admin/ HTTP/1.1" 200 13452
[2020-06-06 10:06:36,991] INFO [django.server.log_message:154 basehttp] "GET /admin/blog/setting/ HTTP/1.1" 200 6380
[2020-06-06 10:06:37,039] INFO [django.server.log_message:154 basehttp] "GET /admin/jsi18n/ HTTP/1.1" 200 7684
[2020-06-06 10:06:54,678] INFO [django.server.log_message:154 basehttp] "POST /admin/blog/setting/ HTTP/1.1" 302 0
[2020-06-06 10:06:54,747] INFO [django.server.log_message:154 basehttp] "GET /admin/blog/setting/ HTTP/1.1" 200 6498
[2020-06-06 10:06:54,783] INFO [django.server.log_message:154 basehttp] "GET /admin/jsi18n/ HTTP/1.1" 200 7684
